Traceback (most recent call last):
  File "/home/node/.openclaw/workspace-user1/apps/media-hub/scripts/cron_add_recommendation.py", line 17, in <module>
    import app
  File "/home/node/.openclaw/workspace-user1/apps/media-hub/app.py", line 1, in <module>
    from fastapi import FastAPI, Request, Query, HTTPException
ModuleNotFoundError: No module named 'fastapi'
[cron] fetch error: HTTPSConnectionPool(host='api.themoviedb.org', port=443): Max retries exceeded with url: /3/discover/tv?api_key=32d4dddf241a2fc45d6a084825532a87&sort_by=vote_average.desc&language=zh-CN&include_adult=false&page=3&first_air_date.gte=2023-01-01&vote_count.gte=800 (Caused by SSLError(SSLEOFError(8, '[SSL: UNEXPECTED_EOF_WHILE_READING] EOF occurred in violation of protocol (_ssl.c:1016)')))
[cron] added: 疾速追杀4 | rank 21 | reason: 高桌组织的首席执行官格拉蒙特（比尔·斯卡斯加德饰）不断提高对约翰·威克（基努·里...
--- ran at Fri Mar 20 14:56:29 UTC 2026 ---
[cron] added: 麦迪逊河谷 | rank 9 | reason: 如果你喜欢这个题材类型的片，这部很可能让你一口气看完。开局钩子很重，该剧是《黄石...
--- ran at Sun Mar 22 04:09:38 UTC 2026 ---
[cron] added: 间谍过家家 | rank 21 | reason: 它有一个很危险的特点：看起来很平常，但越往后越让你放不下。为了潜入名校，西国能力...
--- ran at Sun Mar 22 04:39:45 UTC 2026 ---
Traceback (most recent call last):
  File "/app/scripts/cron_add_recommendation.py", line 247, in <module>
    main()
  File "/app/scripts/cron_add_recommendation.py", line 185, in main
    conn = app.get_conn()
           ^^^^^^^^^^^^^^
  File "/app/app.py", line 50, in get_conn
    conn = sqlite3.connect(DB_PATH)
           ^^^^^^^^^^^^^^^^^^^^^^^^
sqlite3.OperationalError: unable to open database file
--- ran at Sun Mar 22 05:09:46 UTC 2026 ---
[cron] added: 间谍过家家 | rank 22 | reason: 如果你喜欢这个题材类型的片，这部很可能让你一口气看完。开局钩子很重，为了潜入名校...
--- ran at Sun Mar 22 05:39:51 UTC 2026 ---
[cron] added: F1：狂飙飞车 | rank 23 | reason: 它的开局很像某种日常，但很快你就会发现这不是——桑尼·海耶斯曾经是F1赛场上最具...
--- ran at Sun Mar 22 06:09:58 UTC 2026 ---
[cron] added: 罪人 | rank 24 | reason: 它有一个很危险的特点：看起来很平常，但越往后越让你放不下。《黑豹》《奎迪》导演瑞...
--- ran at Sun Mar 22 06:40:04 UTC 2026 ---
[cron] added: K-Pop 猎魔女团 | rank 25 | reason: Kpop 超级明星鲁米、米拉和佐伊如果不是在座无虚席的体育场举办演唱会，就是在利...
--- ran at Sun Mar 22 07:10:10 UTC 2026 ---
[cron] added: 间谍过家家 | rank 26 | reason: 为了潜入名校，西国能力最强的间谍“黄昏”被下令组建家庭。这是整部片最核心的那句话...
--- ran at Sun Mar 22 07:40:16 UTC 2026 ---
[cron] added: 沙丘2 | rank 27 | reason: 它有一个很危险的特点：看起来很平常，但越往后越让你放不下。《沙丘2》承接第一部剧...
--- ran at Sun Mar 22 08:10:22 UTC 2026 ---
[cron] added: 沙丘2 | rank 28 | reason: 《沙丘2》承接第一部剧情，讲述保罗·厄崔迪（提莫西·查拉梅 Timothée C...
--- ran at Sun Mar 22 08:40:28 UTC 2026 ---
[cron] added: 权力的游戏前传：龙族 | rank 29 | reason: 它的开局很像某种日常，但很快你就会发现这不是——在维斯特洛大陆，坦格利安家族的衰...
--- ran at Sun Mar 22 09:10:34 UTC 2026 ---
[cron] added: 碟中谍7：致命清算（上） | rank 30 | reason: 大洋深处，一艘俄罗斯潜水艇正在执行常规任务，但是突发意外导致潜艇爆炸，全体机组人...
--- ran at Sun Mar 22 09:40:41 UTC 2026 ---
[cron] added: 沙丘2 | rank 31 | reason: 它的开局很像某种日常，但很快你就会发现这不是——《沙丘2》承接第一部剧情，讲述保...
--- ran at Sun Mar 22 10:10:47 UTC 2026 ---
[cron] added: 龙与地下城：侠盗荣耀 | rank 32 | reason: 如果你喜欢这个题材类型的片，这部很可能让你一口气看完。开局钩子很重，艾德金（克里...
--- ran at Sun Mar 22 10:40:53 UTC 2026 ---
[cron] added: 仙逆 | rank 33 | reason: 改编自耳根同名小说《仙逆》，讲述了乡村平凡少年王林以心中之感动，逆仙而修，求的不...
--- ran at Sun Mar 22 11:11:00 UTC 2026 ---
[cron] added: 沙丘2 | rank 34 | reason: 它有一个很危险的特点：看起来很平常，但越往后越让你放不下。《沙丘2》承接第一部剧...
--- ran at Sun Mar 22 11:41:06 UTC 2026 ---
[cron] added: 间谍过家家 | rank 35 | reason: 为了潜入名校，西国能力最强的间谍“黄昏”被下令组建家庭。这是整部片最核心的那句话...
--- ran at Sun Mar 22 12:11:12 UTC 2026 ---
[cron] added: GT赛车：极速狂飙 | rank 36 | reason: 它有一个很危险的特点：看起来很平常，但越往后越让你放不下。影片讲述了一位平民游戏...
--- ran at Sun Mar 22 12:41:18 UTC 2026 ---
[cron] added: 神印王座 | rank 37 | reason: 六千年前，魔神皇枫秀与七十二根魔神柱从天而降，所有生物沾染魔神柱散发的气息，立刻...
--- ran at Sun Mar 22 13:11:24 UTC 2026 ---
